<?xml version="1.0" encoding="UTF-8"?>
<robot generator="Robot 4.1.2 (Python 3.10.0 on win32)" generated="20211207 20:41:27.935" rpa="false" schemaversion="2">
<suite id="s1" name="Tests" source="C:\GravidadeZERO\yodapp\tests">
<suite id="s1-s1" name="Cadastro" source="C:\GravidadeZERO\yodapp\tests\cadastro.robot">
<test id="s1-s1-t1" name="Deve cadastrar um novo personagem">
<kw name="Start Session" library="base" type="SETUP">
<kw name="New Browser" library="Browser">
<arg>chromium</arg>
<arg>headless=False</arg>
<arg>slowMo=00:00:00</arg>
<tag>BrowserControl</tag>
<tag>Setter</tag>
<doc>Create a new playwright Browser with specified options.</doc>
<msg timestamp="20211207 20:41:28.708" level="INFO">{"browser": "chromium", "headless": false, "handleSIGINT": true, "handleSIGTERM": true, "handleSIGHUP": true, "timeout": 30000.0, "devtools": false, "slowMo": 0.0, "tracesDir": "C:\\GravidadeZERO\\yodapp\\logs\\browser\\traces\\b8078141-486f-4382-be29-f317f951517c"}</msg>
<msg timestamp="20211207 20:41:29.357" level="INFO">Successfully created browser with options: {"browser":"chromium","headless":false,"handleSIGINT":true,"handleSIGTERM":true,"handleSIGHUP":true,"timeout":30000,"devtools":false,"slowMo":0,"tracesDir":"C:\\GravidadeZERO\\yodapp\\logs\\browser\\traces\\b8078141-486f-4382-be29-f317f951517c"}</msg>
<status status="PASS" starttime="20211207 20:41:28.708" endtime="20211207 20:41:29.357"/>
</kw>
<kw name="New Page" library="Browser">
<arg>https://yodapp-testing.vercel.app</arg>
<tag>BrowserControl</tag>
<tag>Setter</tag>
<doc>Open a new Page. A Page is the Playwright equivalent to a tab.
See `Browser, Context and Page` for more information about Page concept.
Returns a stable identifier for the created page.</doc>
<msg timestamp="20211207 20:41:39.496" level="WARN">Keyword 'Take Screenshot  fail-screenshot-{index}' could not be run on failure:
Error: Tried to take screenshot, but no page was open.</msg>
<msg timestamp="20211207 20:41:39.498" level="FAIL">TimeoutError: page.goto: Timeout 10000ms exceeded.
=========================== logs ===========================
navigating to "https://yodapp-testing.vercel.app/", waiting until "load"
============================================================</msg>
<status status="FAIL" starttime="20211207 20:41:29.357" endtime="20211207 20:41:39.498"/>
</kw>
<status status="FAIL" starttime="20211207 20:41:28.708" endtime="20211207 20:41:39.498"/>
</kw>
<kw name="End Session" library="base" type="TEARDOWN">
<kw name="Take Screenshot" library="Browser">
<tag>PageContent</tag>
<doc>Takes a screenshot of the current window or element and saves it to disk.</doc>
<msg timestamp="20211207 20:41:39.510" level="WARN">Keyword 'Take Screenshot  fail-screenshot-{index}' could not be run on failure:
Error: Tried to take screenshot, but no page was open.</msg>
<msg timestamp="20211207 20:41:39.511" level="FAIL">Error: Tried to take screenshot, but no page was open.</msg>
<status status="FAIL" starttime="20211207 20:41:39.499" endtime="20211207 20:41:39.511"/>
</kw>
<status status="FAIL" starttime="20211207 20:41:39.499" endtime="20211207 20:41:39.511">Error: Tried to take screenshot, but no page was open.</status>
</kw>
<tag>happy</tag>
<status status="FAIL" starttime="20211207 20:41:28.706" endtime="20211207 20:41:39.511">Setup failed:
TimeoutError: page.goto: Timeout 10000ms exceeded.
=========================== logs ===========================
navigating to "https://yodapp-testing.vercel.app/", waiting until "load"
============================================================

Also teardown failed:
Error: Tried to take screenshot, but no page was open.</status>
</test>
<test id="s1-s1-t2" name="Email incorreto">
<kw name="Start Session" library="base" type="SETUP">
<kw name="New Browser" library="Browser">
<arg>chromium</arg>
<arg>headless=False</arg>
<arg>slowMo=00:00:00</arg>
<tag>BrowserControl</tag>
<tag>Setter</tag>
<doc>Create a new playwright Browser with specified options.</doc>
<msg timestamp="20211207 20:41:39.543" level="INFO">{"browser": "chromium", "headless": false, "handleSIGINT": true, "handleSIGTERM": true, "handleSIGHUP": true, "timeout": 30000.0, "devtools": false, "slowMo": 0.0, "tracesDir": "C:\\GravidadeZERO\\yodapp\\logs\\browser\\traces\\5b91501c-f49f-4b80-adc5-3b32d54ce2d6"}</msg>
<msg timestamp="20211207 20:41:40.080" level="INFO">Successfully created browser with options: {"browser":"chromium","headless":false,"handleSIGINT":true,"handleSIGTERM":true,"handleSIGHUP":true,"timeout":30000,"devtools":false,"slowMo":0,"tracesDir":"C:\\GravidadeZERO\\yodapp\\logs\\browser\\traces\\5b91501c-f49f-4b80-adc5-3b32d54ce2d6"}</msg>
<status status="PASS" starttime="20211207 20:41:39.542" endtime="20211207 20:41:40.080"/>
</kw>
<kw name="New Page" library="Browser">
<arg>https://yodapp-testing.vercel.app</arg>
<tag>BrowserControl</tag>
<tag>Setter</tag>
<doc>Open a new Page. A Page is the Playwright equivalent to a tab.
See `Browser, Context and Page` for more information about Page concept.
Returns a stable identifier for the created page.</doc>
<msg timestamp="20211207 20:41:50.209" level="WARN">Keyword 'Take Screenshot  fail-screenshot-{index}' could not be run on failure:
Error: Tried to take screenshot, but no page was open.</msg>
<msg timestamp="20211207 20:41:50.210" level="FAIL">TimeoutError: page.goto: Timeout 10000ms exceeded.
=========================== logs ===========================
navigating to "https://yodapp-testing.vercel.app/", waiting until "load"
============================================================</msg>
<status status="FAIL" starttime="20211207 20:41:40.080" endtime="20211207 20:41:50.210"/>
</kw>
<status status="FAIL" starttime="20211207 20:41:39.542" endtime="20211207 20:41:50.210"/>
</kw>
<kw name="End Session" library="base" type="TEARDOWN">
<kw name="Take Screenshot" library="Browser">
<tag>PageContent</tag>
<doc>Takes a screenshot of the current window or element and saves it to disk.</doc>
<msg timestamp="20211207 20:41:50.213" level="WARN">Keyword 'Take Screenshot  fail-screenshot-{index}' could not be run on failure:
Error: Tried to take screenshot, but no page was open.</msg>
<msg timestamp="20211207 20:41:50.214" level="FAIL">Error: Tried to take screenshot, but no page was open.</msg>
<status status="FAIL" starttime="20211207 20:41:50.211" endtime="20211207 20:41:50.214"/>
</kw>
<status status="FAIL" starttime="20211207 20:41:50.210" endtime="20211207 20:41:50.214">Error: Tried to take screenshot, but no page was open.</status>
</kw>
<tag>inv_email</tag>
<status status="FAIL" starttime="20211207 20:41:39.540" endtime="20211207 20:41:50.214">Setup failed:
TimeoutError: page.goto: Timeout 10000ms exceeded.
=========================== logs ===========================
navigating to "https://yodapp-testing.vercel.app/", waiting until "load"
============================================================

Also teardown failed:
Error: Tried to take screenshot, but no page was open.</status>
</test>
<doc>Suite de testes do cadastro de personagens</doc>
<status status="FAIL" starttime="20211207 20:41:27.950" endtime="20211207 20:41:50.241"/>
</suite>
<suite id="s1-s2" name="Online" source="C:\GravidadeZERO\yodapp\tests\online.robot">
<test id="s1-s2-t1" name="Yodapp deve estar online">
<kw name="Start Session" library="base" type="SETUP">
<kw name="New Browser" library="Browser">
<arg>chromium</arg>
<arg>headless=False</arg>
<arg>slowMo=00:00:00</arg>
<tag>BrowserControl</tag>
<tag>Setter</tag>
<doc>Create a new playwright Browser with specified options.</doc>
<msg timestamp="20211207 20:41:50.250" level="INFO">{"browser": "chromium", "headless": false, "handleSIGINT": true, "handleSIGTERM": true, "handleSIGHUP": true, "timeout": 30000.0, "devtools": false, "slowMo": 0.0, "tracesDir": "C:\\GravidadeZERO\\yodapp\\logs\\browser\\traces\\3cf1015c-96c0-444e-8c65-571458bc28da"}</msg>
<msg timestamp="20211207 20:41:50.790" level="INFO">Successfully created browser with options: {"browser":"chromium","headless":false,"handleSIGINT":true,"handleSIGTERM":true,"handleSIGHUP":true,"timeout":30000,"devtools":false,"slowMo":0,"tracesDir":"C:\\GravidadeZERO\\yodapp\\logs\\browser\\traces\\3cf1015c-96c0-444e-8c65-571458bc28da"}</msg>
<status status="PASS" starttime="20211207 20:41:50.250" endtime="20211207 20:41:50.790"/>
</kw>
<kw name="New Page" library="Browser">
<arg>https://yodapp-testing.vercel.app</arg>
<tag>BrowserControl</tag>
<tag>Setter</tag>
<doc>Open a new Page. A Page is the Playwright equivalent to a tab.
See `Browser, Context and Page` for more information about Page concept.
Returns a stable identifier for the created page.</doc>
<msg timestamp="20211207 20:42:00.938" level="WARN">Keyword 'Take Screenshot  fail-screenshot-{index}' could not be run on failure:
Error: Tried to take screenshot, but no page was open.</msg>
<msg timestamp="20211207 20:42:00.939" level="FAIL">TimeoutError: page.goto: Timeout 10000ms exceeded.
=========================== logs ===========================
navigating to "https://yodapp-testing.vercel.app/", waiting until "load"
============================================================</msg>
<status status="FAIL" starttime="20211207 20:41:50.790" endtime="20211207 20:42:00.939"/>
</kw>
<status status="FAIL" starttime="20211207 20:41:50.250" endtime="20211207 20:42:00.940"/>
</kw>
<kw name="End Session" library="base" type="TEARDOWN">
<kw name="Take Screenshot" library="Browser">
<tag>PageContent</tag>
<doc>Takes a screenshot of the current window or element and saves it to disk.</doc>
<msg timestamp="20211207 20:42:00.943" level="WARN">Keyword 'Take Screenshot  fail-screenshot-{index}' could not be run on failure:
Error: Tried to take screenshot, but no page was open.</msg>
<msg timestamp="20211207 20:42:00.944" level="FAIL">Error: Tried to take screenshot, but no page was open.</msg>
<status status="FAIL" starttime="20211207 20:42:00.940" endtime="20211207 20:42:00.944"/>
</kw>
<status status="FAIL" starttime="20211207 20:42:00.940" endtime="20211207 20:42:00.944">Error: Tried to take screenshot, but no page was open.</status>
</kw>
<status status="FAIL" starttime="20211207 20:41:50.249" endtime="20211207 20:42:00.944">Setup failed:
TimeoutError: page.goto: Timeout 10000ms exceeded.
=========================== logs ===========================
navigating to "https://yodapp-testing.vercel.app/", waiting until "load"
============================================================

Also teardown failed:
Error: Tried to take screenshot, but no page was open.</status>
</test>
<test id="s1-s2-t2" name="Deve exibir mensagem de boas vindas">
<kw name="Start Session" library="base" type="SETUP">
<kw name="New Browser" library="Browser">
<arg>chromium</arg>
<arg>headless=False</arg>
<arg>slowMo=00:00:00</arg>
<tag>BrowserControl</tag>
<tag>Setter</tag>
<doc>Create a new playwright Browser with specified options.</doc>
<msg timestamp="20211207 20:42:00.973" level="INFO">{"browser": "chromium", "headless": false, "handleSIGINT": true, "handleSIGTERM": true, "handleSIGHUP": true, "timeout": 30000.0, "devtools": false, "slowMo": 0.0, "tracesDir": "C:\\GravidadeZERO\\yodapp\\logs\\browser\\traces\\c8353623-6ecf-43d4-bd02-20591f8ead65"}</msg>
<msg timestamp="20211207 20:42:01.619" level="INFO">Successfully created browser with options: {"browser":"chromium","headless":false,"handleSIGINT":true,"handleSIGTERM":true,"handleSIGHUP":true,"timeout":30000,"devtools":false,"slowMo":0,"tracesDir":"C:\\GravidadeZERO\\yodapp\\logs\\browser\\traces\\c8353623-6ecf-43d4-bd02-20591f8ead65"}</msg>
<status status="PASS" starttime="20211207 20:42:00.972" endtime="20211207 20:42:01.619"/>
</kw>
<kw name="New Page" library="Browser">
<arg>https://yodapp-testing.vercel.app</arg>
<tag>BrowserControl</tag>
<tag>Setter</tag>
<doc>Open a new Page. A Page is the Playwright equivalent to a tab.
See `Browser, Context and Page` for more information about Page concept.
Returns a stable identifier for the created page.</doc>
<msg timestamp="20211207 20:42:11.748" level="WARN">Keyword 'Take Screenshot  fail-screenshot-{index}' could not be run on failure:
Error: Tried to take screenshot, but no page was open.</msg>
<msg timestamp="20211207 20:42:11.749" level="FAIL">TimeoutError: page.goto: Timeout 10000ms exceeded.
=========================== logs ===========================
navigating to "https://yodapp-testing.vercel.app/", waiting until "load"
============================================================</msg>
<status status="FAIL" starttime="20211207 20:42:01.619" endtime="20211207 20:42:11.749"/>
</kw>
<status status="FAIL" starttime="20211207 20:42:00.972" endtime="20211207 20:42:11.750"/>
</kw>
<kw name="End Session" library="base" type="TEARDOWN">
<kw name="Take Screenshot" library="Browser">
<tag>PageContent</tag>
<doc>Takes a screenshot of the current window or element and saves it to disk.</doc>
<msg timestamp="20211207 20:42:11.753" level="WARN">Keyword 'Take Screenshot  fail-screenshot-{index}' could not be run on failure:
Error: Tried to take screenshot, but no page was open.</msg>
<msg timestamp="20211207 20:42:11.753" level="FAIL">Error: Tried to take screenshot, but no page was open.</msg>
<status status="FAIL" starttime="20211207 20:42:11.750" endtime="20211207 20:42:11.754"/>
</kw>
<status status="FAIL" starttime="20211207 20:42:11.750" endtime="20211207 20:42:11.754">Error: Tried to take screenshot, but no page was open.</status>
</kw>
<status status="FAIL" starttime="20211207 20:42:00.969" endtime="20211207 20:42:11.754">Setup failed:
TimeoutError: page.goto: Timeout 10000ms exceeded.
=========================== logs ===========================
navigating to "https://yodapp-testing.vercel.app/", waiting until "load"
============================================================

Also teardown failed:
Error: Tried to take screenshot, but no page was open.</status>
</test>
<doc>Suite de testes para verificar se o app está online</doc>
<status status="FAIL" starttime="20211207 20:41:50.244" endtime="20211207 20:42:11.781"/>
</suite>
<status status="FAIL" starttime="20211207 20:41:27.936" endtime="20211207 20:42:11.783"/>
</suite>
<statistics>
<total>
<stat pass="0" fail="4" skip="0">All Tests</stat>
</total>
<tag>
<stat pass="0" fail="1" skip="0">happy</stat>
<stat pass="0" fail="1" skip="0">inv_email</stat>
</tag>
<suite>
<stat pass="0" fail="4" skip="0" id="s1" name="Tests">Tests</stat>
<stat pass="0" fail="2" skip="0" id="s1-s1" name="Cadastro">Tests.Cadastro</stat>
<stat pass="0" fail="2" skip="0" id="s1-s2" name="Online">Tests.Online</stat>
</suite>
</statistics>
<errors>
<msg timestamp="20211207 20:41:39.496" level="WARN">Keyword 'Take Screenshot  fail-screenshot-{index}' could not be run on failure:
Error: Tried to take screenshot, but no page was open.</msg>
<msg timestamp="20211207 20:41:39.510" level="WARN">Keyword 'Take Screenshot  fail-screenshot-{index}' could not be run on failure:
Error: Tried to take screenshot, but no page was open.</msg>
<msg timestamp="20211207 20:41:50.209" level="WARN">Keyword 'Take Screenshot  fail-screenshot-{index}' could not be run on failure:
Error: Tried to take screenshot, but no page was open.</msg>
<msg timestamp="20211207 20:41:50.213" level="WARN">Keyword 'Take Screenshot  fail-screenshot-{index}' could not be run on failure:
Error: Tried to take screenshot, but no page was open.</msg>
<msg timestamp="20211207 20:42:00.938" level="WARN">Keyword 'Take Screenshot  fail-screenshot-{index}' could not be run on failure:
Error: Tried to take screenshot, but no page was open.</msg>
<msg timestamp="20211207 20:42:00.943" level="WARN">Keyword 'Take Screenshot  fail-screenshot-{index}' could not be run on failure:
Error: Tried to take screenshot, but no page was open.</msg>
<msg timestamp="20211207 20:42:11.748" level="WARN">Keyword 'Take Screenshot  fail-screenshot-{index}' could not be run on failure:
Error: Tried to take screenshot, but no page was open.</msg>
<msg timestamp="20211207 20:42:11.753" level="WARN">Keyword 'Take Screenshot  fail-screenshot-{index}' could not be run on failure:
Error: Tried to take screenshot, but no page was open.</msg>
</errors>
</robot>
